2024-04-06 15:28:26,475 [INFO] Activator:176 - 


2024-04-06 15:28:26,484 [INFO] Activator:177 - !SESSION log4j initialized
2024-04-06 15:28:32,838 [INFO] LogOutputStream:77 - [STDOUT_REDIRECT] 
2024-04-06 15:28:41,815 [INFO] ApplicationProperties:184 - Using Application install path: C:\ST\STM32CubeIDE_1.13.2\STM32CubeIDE\plugins\com.st.stm32cube.common.mx_6.11.0.202403141607
2024-04-06 15:28:41,836 [INFO] DbMcusXml:78 - Set database path to: C:\ST\STM32CubeIDE_1.13.2\STM32CubeIDE\plugins\com.st.stm32cube.common.mx_6.11.0.202403141607\\db\/mcu/
2024-04-06 15:28:41,836 [INFO] ApiDb:274 - Set plugin database path to: C:\ST\STM32CubeIDE_1.13.2\STM32CubeIDE\plugins\com.st.stm32cube.common.mx_6.11.0.202403141607\\db\/plugins/boardmanager/
2024-04-06 15:28:41,837 [WARN] ApiDb:259 - Overriding images path with different value:  => C:\ST\STM32CubeIDE_1.13.2\STM32CubeIDE\plugins\com.st.stm32cube.common.mx_6.11.0.202403141607\\db\/plugins/mcufinder/images/
2024-04-06 15:28:41,854 [INFO] ApiDb:250 - Set database path to: C:\Users\evanr\.stmcufinder\plugins\mcufinder//mcu/
2024-04-06 15:28:41,857 [INFO] DbMcusAds:125 - Set database path to: C:\Users\evanr\.stmcufinder\plugins\mcufinder//mcu/
2024-04-06 15:28:41,860 [INFO] CrossReferenceDbSqlite:203 - Set database path to: C:\Users\evanr\.stmcufinder\plugins\mcufinder//mcu/cs/
2024-04-06 15:28:42,002 [INFO] RulesReader:64 - Compatibility file has been processed (297 Rules)
2024-04-06 15:28:42,089 [INFO] DbMcusXml:78 - Set database path to: C:\ST\STM32CubeIDE_1.13.2\STM32CubeIDE\plugins\com.st.stm32cube.common.mx_6.11.0.202403141607\\db\/mcu/
2024-04-06 15:28:42,090 [INFO] ApiDb:274 - Set plugin database path to: C:\ST\STM32CubeIDE_1.13.2\STM32CubeIDE\plugins\com.st.stm32cube.common.mx_6.11.0.202403141607\\db\/plugins/boardmanager/
2024-04-06 15:28:42,090 [INFO] ApiDb:261 - Set plugin images path to: C:\ST\STM32CubeIDE_1.13.2\STM32CubeIDE\plugins\com.st.stm32cube.common.mx_6.11.0.202403141607\\db\/plugins/mcufinder/images/
2024-04-06 15:28:42,091 [WARN] DbFile:41 - Overriding database path with different value: C:\Users\evanr\.stmcufinder\plugins\mcufinder/ => C:\Users\evanr\.stmcufinder\plugins\mcufinder
2024-04-06 15:28:42,091 [INFO] ApiDb:250 - Set database path to: C:\Users\evanr\.stmcufinder\plugins\mcufinder//mcu/
2024-04-06 15:28:42,091 [WARN] DbFile:41 - Overriding database path with different value: C:\Users\evanr\.stmcufinder\plugins\mcufinder/ => C:\Users\evanr\.stmcufinder\plugins\mcufinder
2024-04-06 15:28:42,091 [INFO] DbMcusAds:125 - Set database path to: C:\Users\evanr\.stmcufinder\plugins\mcufinder//mcu/
2024-04-06 15:28:42,091 [WARN] DbFile:41 - Overriding database path with different value: C:\Users\evanr\.stmcufinder\plugins\mcufinder/ => C:\Users\evanr\.stmcufinder\plugins\mcufinder
2024-04-06 15:28:42,091 [WARN] DbFile:41 - Overriding database path with different value: C:\Users\evanr\.stmcufinder\plugins\mcufinder/ => C:\Users\evanr\.stmcufinder\plugins\mcufinder
2024-04-06 15:28:42,091 [INFO] CrossReferenceDbSqlite:203 - Set database path to: C:\Users\evanr\.stmcufinder\plugins\mcufinder//mcu/cs/
2024-04-06 15:28:42,186 [INFO] MainPanel:264 - HeapMemory: 642777088
2024-04-06 15:28:42,328 [INFO] DbMcusXml:78 - Set database path to: C:\ST\STM32CubeIDE_1.13.2\STM32CubeIDE\plugins\com.st.stm32cube.common.mx_6.11.0.202403141607\\db\/mcu/
2024-04-06 15:28:42,328 [INFO] ApiDb:274 - Set plugin database path to: C:\ST\STM32CubeIDE_1.13.2\STM32CubeIDE\plugins\com.st.stm32cube.common.mx_6.11.0.202403141607\\db\/plugins/boardmanager/
2024-04-06 15:28:42,328 [INFO] ApiDb:261 - Set plugin images path to: C:\ST\STM32CubeIDE_1.13.2\STM32CubeIDE\plugins\com.st.stm32cube.common.mx_6.11.0.202403141607\\db\/plugins/mcufinder/images/
2024-04-06 15:28:42,328 [WARN] DbFile:41 - Overriding database path with different value: C:\Users\evanr\.stmcufinder\plugins\mcufinder/ => C:\Users\evanr\.stmcufinder\plugins\mcufinder
2024-04-06 15:28:42,329 [INFO] ApiDb:250 - Set database path to: C:\Users\evanr\.stmcufinder\plugins\mcufinder//mcu/
2024-04-06 15:28:42,329 [WARN] DbFile:41 - Overriding database path with different value: C:\Users\evanr\.stmcufinder\plugins\mcufinder/ => C:\Users\evanr\.stmcufinder\plugins\mcufinder
2024-04-06 15:28:42,329 [INFO] DbMcusAds:125 - Set database path to: C:\Users\evanr\.stmcufinder\plugins\mcufinder//mcu/
2024-04-06 15:28:42,329 [WARN] DbFile:41 - Overriding database path with different value: C:\Users\evanr\.stmcufinder\plugins\mcufinder/ => C:\Users\evanr\.stmcufinder\plugins\mcufinder
2024-04-06 15:28:42,329 [WARN] DbFile:41 - Overriding database path with different value: C:\Users\evanr\.stmcufinder\plugins\mcufinder/ => C:\Users\evanr\.stmcufinder\plugins\mcufinder
2024-04-06 15:28:42,329 [INFO] CrossReferenceDbSqlite:203 - Set database path to: C:\Users\evanr\.stmcufinder\plugins\mcufinder//mcu/cs/
2024-04-06 15:28:42,359 [INFO] ApplicationProperties:184 - Using Application install path: C:\ST\STM32CubeIDE_1.13.2\STM32CubeIDE\plugins\com.st.stm32cube.common.mx_6.11.0.202403141607
2024-04-06 15:28:42,361 [INFO] PluginManage:196 - Search for loadable plugins [exclusion list=, ]
2024-04-06 15:28:42,364 [INFO] PluginManage:310 - Check plugin analytics
2024-04-06 15:28:42,577 [INFO] AnalyticsPlugin:253 - Accepted Software Licenses: STM32CubeMX.6.10.0
2024-04-06 15:28:42,577 [INFO] AnalyticsPlugin:255 - Accepted CMSIS Pack Licenses: STMicroelectronics.X-CUBE-AI.8.1.0
2024-04-06 15:28:42,577 [INFO] AnalyticsPlugin:257 - Accepted Firmware Licenses: FW.F4.1.27.0
2024-04-06 15:28:42,580 [INFO] PluginManage:359 - Loaded plugin analytics (category:tool,tabindex:-1)
2024-04-06 15:28:42,580 [INFO] PluginManage:310 - Check plugin cadmodel
2024-04-06 15:28:42,595 [INFO] CADModel:105 - Init CAD model plugin
2024-04-06 15:28:42,595 [INFO] PluginManage:359 - Loaded plugin cadmodel (category:power,tabindex:5)
2024-04-06 15:28:42,595 [INFO] PluginManage:310 - Check plugin clock
2024-04-06 15:28:42,613 [INFO] PluginManage:359 - Loaded plugin clock (category:base,tabindex:2)
2024-04-06 15:28:42,613 [INFO] PluginManage:310 - Check plugin ddr
2024-04-06 15:28:42,616 [INFO] PluginManage:359 - Loaded plugin ddr (category:tool,tabindex:6)
2024-04-06 15:28:42,616 [INFO] PluginManage:310 - Check plugin filemanager
2024-04-06 15:28:42,774 [INFO] PluginManage:359 - Loaded plugin filemanager (category:base,tabindex:10)
2024-04-06 15:28:42,774 [INFO] PluginManage:310 - Check plugin ipmanager
2024-04-06 15:28:42,784 [INFO] PluginManage:359 - Loaded plugin ipmanager (category:base,tabindex:5)
2024-04-06 15:28:42,784 [INFO] PluginManage:310 - Check plugin lpbam
2024-04-06 15:28:42,808 [INFO] PluginManage:359 - Loaded plugin lpbam (category:base,tabindex:0)
2024-04-06 15:28:42,808 [INFO] PluginManage:310 - Check plugin memorymap
2024-04-06 15:28:42,835 [INFO] PluginManage:359 - Loaded plugin memorymap (category:base,tabindex:4)
2024-04-06 15:28:42,835 [INFO] PluginManage:310 - Check plugin pinoutandconfiguration
2024-04-06 15:28:42,852 [INFO] PluginManage:359 - Loaded plugin pinoutandconfiguration (category:base,tabindex:1)
2024-04-06 15:28:42,852 [INFO] PluginManage:310 - Check plugin pinoutconfig
2024-04-06 15:28:42,948 [WARN] SupportedApi:132 - Cannot load RTOS API schema: s4s-elt-must-match.1: The content of 'definitions' must match (annotation?, (simpleType | complexType)?, (unique | key | keyref)*)). A problem was found starting at: attribute.
2024-04-06 15:28:43,104 [INFO] PluginManage:359 - Loaded plugin pinoutconfig (category:base,tabindex:0)
2024-04-06 15:28:43,104 [INFO] PluginManage:310 - Check plugin power
2024-04-06 15:28:43,128 [INFO] PluginManage:359 - Loaded plugin power (category:power,tabindex:4)
2024-04-06 15:28:43,128 [INFO] PluginManage:310 - Check plugin projectmanager
2024-04-06 15:28:43,146 [INFO] PluginManage:359 - Loaded plugin projectmanager (category:projectmanager,tabindex:3)
2024-04-06 15:28:43,146 [INFO] PluginManage:310 - Check plugin thirdparty
2024-04-06 15:28:43,434 [INFO] PluginManage:359 - Loaded plugin thirdparty (category:base,tabindex:-1)
2024-04-06 15:28:43,434 [WARN] IntegrityCheckThread:84 - waiting for thirdparty lock release [integrity check]
2024-04-06 15:28:43,435 [INFO] PluginManage:310 - Check plugin tools
2024-04-06 15:28:43,435 [INFO] IntegrityCheckThread:86 - entering critical section [integrity check]
2024-04-06 15:28:43,435 [INFO] ThirdPartyUpdaterWithRetryManager:70 - Updater plugin not ready yet. [1/15]
2024-04-06 15:28:43,468 [INFO] PluginManage:359 - Loaded plugin tools (category:base,tabindex:7)
2024-04-06 15:28:43,469 [INFO] PluginManage:310 - Check plugin tutovideos
2024-04-06 15:28:43,725 [INFO] PluginManage:359 - Loaded plugin tutovideos (category:base,tabindex:-1)
2024-04-06 15:28:43,725 [INFO] PluginManage:310 - Check plugin updater
2024-04-06 15:28:43,735 [INFO] PluginManage:359 - Loaded plugin updater (category:base,tabindex:12)
2024-04-06 15:28:43,735 [INFO] PluginManage:310 - Check plugin userauth
2024-04-06 15:28:43,741 [INFO] UserAuth:114 - Init User Auth plugin
2024-04-06 15:28:43,741 [INFO] PluginManage:359 - Loaded plugin userauth (category:base,tabindex:14)
2024-04-06 15:28:43,741 [INFO] PluginManage:283 - PluginManage : Loaded plugins [17]
2024-04-06 15:28:43,964 [INFO] PinOutPanel:1561 - setPackage(No Configuration,No Configuration)
2024-04-06 15:28:44,041 [INFO] CADModel:165 - CPN selected for project level
2024-04-06 15:28:44,042 [INFO] CADModel:114 - Register for checkConnection events
2024-04-06 15:28:44,068 [INFO] IPUIPlugin:80 - create IPUIPlugin
2024-04-06 15:28:44,068 [INFO] PluginManager:220 - loadIPPluginJar : add adc
2024-04-06 15:28:44,103 [INFO] IPUIPlugin:80 - create IPUIPlugin
2024-04-06 15:28:44,104 [INFO] PluginManager:220 - loadIPPluginJar : add aes
2024-04-06 15:28:44,143 [INFO] IPUIPlugin:80 - create IPUIPlugin
2024-04-06 15:28:44,143 [INFO] PluginManager:220 - loadIPPluginJar : add can
2024-04-06 15:28:44,163 [INFO] IPUIPlugin:80 - create IPUIPlugin
2024-04-06 15:28:44,163 [INFO] PluginManager:220 - loadIPPluginJar : add comp
2024-04-06 15:28:44,193 [INFO] IPUIPlugin:80 - create IPUIPlugin
2024-04-06 15:28:44,194 [INFO] PluginManager:220 - loadIPPluginJar : add cryp
2024-04-06 15:28:44,218 [INFO] IPUIPlugin:80 - create IPUIPlugin
2024-04-06 15:28:44,219 [INFO] PluginManager:220 - loadIPPluginJar : add dfsdm
2024-04-06 15:28:44,232 [INFO] IPUIPlugin:80 - create IPUIPlugin
2024-04-06 15:28:44,232 [INFO] PluginManager:220 - loadIPPluginJar : add dma
2024-04-06 15:28:44,275 [INFO] IPUIPlugin:80 - create IPUIPlugin
2024-04-06 15:28:44,275 [INFO] PluginManager:220 - loadIPPluginJar : add dma3
2024-04-06 15:28:44,314 [INFO] IPUIPlugin:80 - create IPUIPlugin
2024-04-06 15:28:44,314 [INFO] PluginManager:220 - loadIPPluginJar : add extmemmanager
2024-04-06 15:28:44,332 [INFO] IPUIPlugin:80 - create IPUIPlugin
2024-04-06 15:28:44,332 [INFO] PluginManager:220 - loadIPPluginJar : add fatfs
2024-04-06 15:28:44,373 [INFO] IPUIPlugin:80 - create IPUIPlugin
2024-04-06 15:28:44,373 [INFO] PluginManager:220 - loadIPPluginJar : add fmc
2024-04-06 15:28:44,387 [INFO] IPUIPlugin:80 - create IPUIPlugin
2024-04-06 15:28:44,387 [INFO] PluginManager:220 - loadIPPluginJar : add freertos
2024-04-06 15:28:44,405 [INFO] IPUIPlugin:80 - create IPUIPlugin
2024-04-06 15:28:44,405 [INFO] PluginManager:220 - loadIPPluginJar : add genericplugin
2024-04-06 15:28:44,484 [INFO] IPUIPlugin:80 - create IPUIPlugin
2024-04-06 15:28:44,484 [INFO] PluginManager:220 - loadIPPluginJar : add gfxmmu
2024-04-06 15:28:44,597 [INFO] IPUIPlugin:80 - create IPUIPlugin
2024-04-06 15:28:44,597 [INFO] PluginManager:220 - loadIPPluginJar : add gic
2024-04-06 15:28:44,609 [INFO] IPUIPlugin:80 - create IPUIPlugin
2024-04-06 15:28:44,609 [INFO] PluginManager:220 - loadIPPluginJar : add gpio
2024-04-06 15:28:44,688 [INFO] IPUIPlugin:80 - create IPUIPlugin
2024-04-06 15:28:44,688 [INFO] PluginManager:220 - loadIPPluginJar : add gtzc
2024-04-06 15:28:44,717 [INFO] IPUIPlugin:80 - create IPUIPlugin
2024-04-06 15:28:44,717 [INFO] PluginManager:220 - loadIPPluginJar : add hash
2024-04-06 15:28:44,761 [INFO] IPUIPlugin:80 - create IPUIPlugin
2024-04-06 15:28:44,761 [INFO] PluginManager:220 - loadIPPluginJar : add i2c
2024-04-06 15:28:44,794 [INFO] IPUIPlugin:80 - create IPUIPlugin
2024-04-06 15:28:44,795 [INFO] PluginManager:220 - loadIPPluginJar : add i2s
2024-04-06 15:28:44,830 [INFO] IPUIPlugin:80 - create IPUIPlugin
2024-04-06 15:28:44,830 [INFO] PluginManager:220 - loadIPPluginJar : add i3c
2024-04-06 15:28:44,920 [INFO] IPUIPlugin:80 - create IPUIPlugin
2024-04-06 15:28:44,920 [INFO] PluginManager:220 - loadIPPluginJar : add ipddr
2024-04-06 15:28:45,003 [INFO] IPUIPlugin:80 - create IPUIPlugin
2024-04-06 15:28:45,003 [INFO] PluginManager:220 - loadIPPluginJar : add linkedlist
2024-04-06 15:28:45,032 [INFO] IPUIPlugin:80 - create IPUIPlugin
2024-04-06 15:28:45,033 [INFO] PluginManager:220 - loadIPPluginJar : add lorawan
2024-04-06 15:28:45,066 [INFO] IPUIPlugin:80 - create IPUIPlugin
2024-04-06 15:28:45,066 [INFO] PluginManager:220 - loadIPPluginJar : add ltdc
2024-04-06 15:28:45,079 [INFO] IPUIPlugin:80 - create IPUIPlugin
2024-04-06 15:28:45,079 [INFO] PluginManager:220 - loadIPPluginJar : add mdma
2024-04-06 15:28:45,092 [INFO] IPUIPlugin:80 - create IPUIPlugin
2024-04-06 15:28:45,092 [INFO] PluginManager:220 - loadIPPluginJar : add nvic
2024-04-06 15:28:45,123 [INFO] IPUIPlugin:80 - create IPUIPlugin
2024-04-06 15:28:45,123 [INFO] PluginManager:220 - loadIPPluginJar : add opamp
2024-04-06 15:28:45,176 [INFO] IPUIPlugin:80 - create IPUIPlugin
2024-04-06 15:28:45,176 [INFO] PluginManager:220 - loadIPPluginJar : add openamp
2024-04-06 15:28:45,215 [INFO] IPUIPlugin:80 - create IPUIPlugin
2024-04-06 15:28:45,216 [INFO] PluginManager:220 - loadIPPluginJar : add pdm2pcm
2024-04-06 15:28:45,230 [INFO] IPUIPlugin:80 - create IPUIPlugin
2024-04-06 15:28:45,231 [INFO] PluginManager:220 - loadIPPluginJar : add plateformsettings
2024-04-06 15:28:45,251 [INFO] IPUIPlugin:80 - create IPUIPlugin
2024-04-06 15:28:45,251 [INFO] PluginManager:220 - loadIPPluginJar : add quadspi
2024-04-06 15:28:45,262 [INFO] IPUIPlugin:80 - create IPUIPlugin
2024-04-06 15:28:45,262 [INFO] PluginManager:220 - loadIPPluginJar : add resmgrutility
2024-04-06 15:28:45,302 [INFO] IPUIPlugin:80 - create IPUIPlugin
2024-04-06 15:28:45,302 [INFO] PluginManager:220 - loadIPPluginJar : add sai
2024-04-06 15:28:45,335 [INFO] IPUIPlugin:80 - create IPUIPlugin
2024-04-06 15:28:45,335 [INFO] PluginManager:220 - loadIPPluginJar : add spi
2024-04-06 15:28:45,395 [INFO] IPUIPlugin:80 - create IPUIPlugin
2024-04-06 15:28:45,395 [INFO] PluginManager:220 - loadIPPluginJar : add stm32_wpan
2024-04-06 15:28:45,414 [INFO] IPUIPlugin:80 - create IPUIPlugin
2024-04-06 15:28:45,414 [INFO] PluginManager:220 - loadIPPluginJar : add tim
2024-04-06 15:28:45,466 [INFO] IPUIPlugin:80 - create IPUIPlugin
2024-04-06 15:28:45,466 [INFO] PluginManager:220 - loadIPPluginJar : add touchsensing
2024-04-06 15:28:45,485 [INFO] IPUIPlugin:80 - create IPUIPlugin
2024-04-06 15:28:45,485 [INFO] PluginManager:220 - loadIPPluginJar : add tracer_emb
2024-04-06 15:28:45,507 [INFO] IPUIPlugin:80 - create IPUIPlugin
2024-04-06 15:28:45,507 [INFO] PluginManager:220 - loadIPPluginJar : add ts
2024-04-06 15:28:45,525 [INFO] IPUIPlugin:80 - create IPUIPlugin
2024-04-06 15:28:45,525 [INFO] PluginManager:220 - loadIPPluginJar : add tsc
2024-04-06 15:28:45,543 [INFO] IPUIPlugin:80 - create IPUIPlugin
2024-04-06 15:28:45,544 [INFO] PluginManager:220 - loadIPPluginJar : add ucpd
2024-04-06 15:28:45,581 [INFO] IPUIPlugin:80 - create IPUIPlugin
2024-04-06 15:28:45,581 [INFO] PluginManager:220 - loadIPPluginJar : add usart
2024-04-06 15:28:45,618 [INFO] IPUIPlugin:80 - create IPUIPlugin
2024-04-06 15:28:45,619 [INFO] PluginManager:220 - loadIPPluginJar : add usbx
2024-04-06 15:28:45,743 [INFO] CADModel:165 - CPN selected for project level
2024-04-06 15:28:45,743 [INFO] CADModel:114 - Register for checkConnection events
2024-04-06 15:28:45,743 [FATAL] Updater:308 - Updater called before beeing initialized
2024-04-06 15:28:45,744 [ERROR] CADModel:125 - Updater not yet initialized, retry later 
2024-04-06 15:28:45,872 [INFO] CADModel:165 - CPN selected for project level
2024-04-06 15:28:45,873 [INFO] CADModel:114 - Register for checkConnection events
2024-04-06 15:28:45,873 [FATAL] Updater:308 - Updater called before beeing initialized
2024-04-06 15:28:45,873 [ERROR] CADModel:125 - Updater not yet initialized, retry later 
2024-04-06 15:28:45,876 [FATAL] Updater:308 - Updater called before beeing initialized
2024-04-06 15:28:45,985 [FATAL] Updater:308 - Updater called before beeing initialized
2024-04-06 15:28:45,995 [INFO] DbMcusAds:53 - JSON generation date=Wed Nov 29 04:52:27 CST 2023 (1701255147349)
2024-04-06 15:28:45,995 [FATAL] Updater:308 - Updater called before beeing initialized
2024-04-06 15:28:46,033 [WARN] DetailPanel:346 - Failed to get advertising image, set to default
2024-04-06 15:28:46,107 [FATAL] Updater:308 - Updater called before beeing initialized
2024-04-06 15:28:46,109 [FATAL] Updater:308 - Updater called before beeing initialized
2024-04-06 15:28:46,109 [FATAL] Updater:308 - Updater called before beeing initialized
2024-04-06 15:28:46,109 [WARN] DetailPanel:346 - Failed to get advertising image, set to default
2024-04-06 15:28:46,110 [FATAL] Updater:308 - Updater called before beeing initialized
2024-04-06 15:28:46,163 [ERROR] Updater:1120 - MainUpdater not yet initialized. External WinMGr cannot be set.
2024-04-06 15:28:46,173 [INFO] Updater:1056 - Updater Version found : 6.11.0
2024-04-06 15:28:46,193 [INFO] ApplicationProperties:184 - Using Application install path: C:\ST\STM32CubeIDE_1.13.2\STM32CubeIDE\plugins\com.st.stm32cube.common.mx_6.11.0.202403141607
2024-04-06 15:28:46,436 [INFO] ThirdPartyUpdaterWithRetryManager:70 - Updater plugin not ready yet. [2/15]
2024-04-06 15:28:47,773 [ERROR] LogOutputStream:75 - [STDERR_REDIRECT] Apr 06, 2024 3:28:47 PM java.util.prefs.WindowsPreferences <init>
2024-04-06 15:28:47,774 [ERROR] LogOutputStream:75 - [STDERR_REDIRECT] WARNING: Could not open/create prefs root node Software\JavaSoft\Prefs at root 0xffffffff80000002. Windows RegCreateKeyEx(...) returned error code 5.
2024-04-06 15:28:47,774 [ERROR] LogOutputStream:75 - [STDERR_REDIRECT] 
2024-04-06 15:28:48,485 [INFO] MainUpdater:2873 - connection check result : 10
2024-04-06 15:28:48,486 [INFO] MainUpdater:290 - Updater Check For Update Now.
2024-04-06 15:28:48,486 [INFO] MicroXplorer:498 - Change Database Version : DB.6.0.110
2024-04-06 15:28:48,502 [INFO] McuFinderGlobals:63 - Set McuFinder mode to 2 (CubeIDE integrated)
2024-04-06 15:28:48,519 [INFO] UserAuth:415 - Internet connection configuration mode: 1
2024-04-06 15:28:48,550 [INFO] JxBrowserEngine:152 - Initiate JxBrowser Engine with user profile folder
2024-04-06 15:28:48,696 [INFO] CheckServerUpdateThread:120 - End of CheckServer Thread
2024-04-06 15:28:49,614 [WARN] PackLoader:240 - Cannot read IP mode file for STMicroelectronics.X-CUBE-SMBUS.2.1.0
2024-04-06 15:28:49,632 [WARN] PackLoader:240 - Cannot read IP mode file for STMicroelectronics.X-CUBE-TOUCHGFX.4.23.0
2024-04-06 15:28:49,739 [WARN] PackLoader:240 - Cannot read IP mode file for STMicroelectronics.X-CUBE-TOUCHGFX.4.23.2
2024-04-06 15:28:49,783 [WARN] PackLoader:240 - Cannot read IP mode file for STMicroelectronics.X-CUBE-AZRTOS-F7.1.1.0
2024-04-06 15:28:49,807 [WARN] PackLoader:240 - Cannot read IP mode file for STMicroelectronics.FP-SNS-MOTENV1.4.3.2
2024-04-06 15:28:49,825 [WARN] PackLoader:240 - Cannot read IP mode file for STMicroelectronics.FP-SNS-FLIGHT1.5.0.2
2024-04-06 15:28:49,844 [WARN] PackLoader:240 - Cannot read IP mode file for STMicroelectronics.X-CUBE-DISPLAY.3.0.0
2024-04-06 15:28:49,868 [WARN] PackLoader:240 - Cannot read IP mode file for STMicroelectronics.X-CUBE-BLE1.7.0.0
2024-04-06 15:28:49,883 [WARN] PackLoader:240 - Cannot read IP mode file for emotas.I-CUBE-CANOPEN.1.3.0
2024-04-06 15:28:49,896 [WARN] PackLoader:240 - Cannot read IP mode file for STMicroelectronics.X-CUBE-TOUCHGFX.4.22.0
2024-04-06 15:28:49,907 [WARN] PackLoader:240 - Cannot read IP mode file for STMicroelectronics.X-CUBE-TOUCHGFX.4.22.1
2024-04-06 15:28:49,926 [WARN] PackLoader:240 - Cannot read IP mode file for STMicroelectronics.X-CUBE-BLEMGR.3.1.0
2024-04-06 15:28:49,944 [WARN] PackLoader:240 - Cannot read IP mode file for STMicroelectronics.FP-SNS-SMARTAG2.1.2.0
2024-04-06 15:28:49,962 [INFO] LogOutputStream:77 - [STDOUT_REDIRECT] 1 : Invalid condition id : UX_CORESTACK_Condition cause : null
2024-04-06 15:28:49,963 [INFO] LogOutputStream:77 - [STDOUT_REDIRECT] 1 : Invalid condition id : UX_CORESTACK_Condition cause : null
2024-04-06 15:28:49,963 [INFO] LogOutputStream:77 - [STDOUT_REDIRECT] 1 : Invalid condition id : UX_CORESTACK_Condition cause : null
2024-04-06 15:28:49,965 [INFO] LogOutputStream:77 - [STDOUT_REDIRECT] 1 : Invalid condition id : UX_CORESTACK_Condition cause : null
2024-04-06 15:28:49,965 [INFO] LogOutputStream:77 - [STDOUT_REDIRECT] 1 : Invalid condition id : UX_CORESTACK_Condition cause : null
2024-04-06 15:28:49,968 [WARN] PackLoader:240 - Cannot read IP mode file for STMicroelectronics.X-CUBE-AZRTOS-WL.2.0.0
2024-04-06 15:28:49,983 [WARN] PackLoader:240 - Cannot read IP mode file for STMicroelectronics.FP-SNS-MOTENV1.5.0.0
2024-04-06 15:28:49,997 [WARN] PackLoader:240 - Cannot read IP mode file for WES.I-CUBE-Cesium.1.3.0
2024-04-06 15:28:50,008 [WARN] PackLoader:240 - Cannot read IP mode file for STMicroelectronics.X-CUBE-BLE2.3.3.0
2024-04-06 15:28:50,020 [WARN] PackLoader:240 - Cannot read IP mode file for STMicroelectronics.X-CUBE-TOUCHGFX.4.18.1
2024-04-06 15:28:50,081 [WARN] PackLoader:240 - Cannot read IP mode file for STMicroelectronics.X-CUBE-ALGOBUILD.1.3.0
2024-04-06 15:28:50,109 [WARN] PackLoader:240 - Cannot read IP mode file for STMicroelectronics.X-CUBE-AZRTOS-G0.1.1.0
2024-04-06 15:28:50,125 [WARN] PackLoader:240 - Cannot read IP mode file for STMicroelectronics.X-CUBE-SAFEA1.1.2.2
2024-04-06 15:28:50,137 [WARN] PackLoader:240 - Cannot read IP mode file for STMicroelectronics.X-CUBE-NFC4.3.0.0
2024-04-06 15:28:50,150 [WARN] PackLoader:240 - Cannot read IP mode file for STMicroelectronics.X-CUBE-BLEMGR.3.0.0
2024-04-06 15:28:50,167 [WARN] PackLoader:240 - Cannot read IP mode file for STMicroelectronics.FP-ATR-SIGFOX1.3.2.0
2024-04-06 15:28:50,182 [WARN] PackLoader:240 - Cannot read IP mode file for STMicroelectronics.X-CUBE-EEPRMA1.5.1.0
2024-04-06 15:28:50,218 [WARN] PackLoader:240 - Cannot read IP mode file for SEGGER.I-CUBE-embOS.1.3.1
2024-04-06 15:28:50,269 [WARN] PackLoader:240 - Cannot read IP mode file for STMicroelectronics.X-CUBE-GNSS1.6.0.0
2024-04-06 15:28:50,303 [WARN] PackLoader:240 - Cannot read IP mode file for STMicroelectronics.X-CUBE-AZRTOS-F4.1.1.0
2024-04-06 15:28:50,318 [WARN] PackLoader:240 - Cannot read IP mode file for wolfSSL.I-CUBE-wolfSSL.5.6.3
2024-04-06 15:28:50,346 [WARN] PackLoader:240 - Cannot read IP mode file for STMicroelectronics.X-CUBE-AZRTOS-L5.2.0.0
2024-04-06 15:28:50,424 [WARN] PackLoader:240 - Cannot read IP mode file for STMicroelectronics.X-CUBE-MEMS1.9.6.0
2024-04-06 15:28:50,567 [WARN] PackLoader:240 - Cannot read IP mode file for STMicroelectronics.X-CUBE-EEPRMA1.4.2.0
2024-04-06 15:28:50,582 [WARN] PackLoader:240 - Cannot read IP mode file for STMicroelectronics.X-CUBE-NFC6.3.1.0
2024-04-06 15:28:50,598 [WARN] PackLoader:240 - Cannot read IP mode file for ITTIA_DB.I-CUBE-ITTIADB.8.8.0
2024-04-06 15:28:50,617 [WARN] PackLoader:240 - Cannot read IP mode file for STMicroelectronics.X-CUBE-BLEMGR.2.0.0
2024-04-06 15:28:50,646 [WARN] ConditionMgr:438 - getConditionDescription Invalid condition id : UX DEVICE CLASS RTOS Condition cause : null
2024-04-06 15:28:50,646 [WARN] ConditionMgr:438 - getConditionDescription Invalid condition id : UX DEVICE CLASS RTOS Condition cause : null
2024-04-06 15:28:50,648 [WARN] PackLoader:240 - Cannot read IP mode file for STMicroelectronics.X-CUBE-AZRTOS-H7.3.1.0
2024-04-06 15:28:50,649 [WARN] ConditionMgr:1039 - genDependencies : Invalid condition id : UX DEVICE CLASS RTOS Condition cause : null
2024-04-06 15:28:50,649 [WARN] ConditionMgr:1039 - genDependencies : Invalid condition id : UX DEVICE CLASS RTOS Condition cause : null
2024-04-06 15:28:50,650 [WARN] ConditionMgr:1039 - genDependencies : Invalid condition id : UX DEVICE CLASS RTOS Condition cause : null
2024-04-06 15:28:50,650 [WARN] ConditionMgr:1039 - genDependencies : Invalid condition id : UX DEVICE CLASS RTOS Condition cause : null
2024-04-06 15:28:50,650 [WARN] ConditionMgr:1039 - genDependencies : Invalid condition id : UX DEVICE CLASS RTOS Condition cause : null
2024-04-06 15:28:50,667 [WARN] PackLoader:240 - Cannot read IP mode file for STMicroelectronics.X-CUBE-NFC7.1.0.1
2024-04-06 15:28:50,685 [WARN] PackLoader:240 - Cannot read IP mode file for STMicroelectronics.X-CUBE-NFC6.3.0.0
2024-04-06 15:28:50,705 [WARN] PackLoader:240 - Cannot read IP mode file for STMicroelectronics.X-CUBE-EEPRMA1.4.1.0
2024-04-06 15:28:50,724 [WARN] PackLoader:240 - Cannot read IP mode file for STMicroelectronics.X-CUBE-AI.8.1.0
2024-04-06 15:28:50,803 [WARN] ConditionMgr:438 - getConditionDescription Invalid condition id : LAN8742 Phy interface Condition cause : null
2024-04-06 15:28:50,804 [WARN] PackLoader:240 - Cannot read IP mode file for STMicroelectronics.X-CUBE-AZRTOS-L4.2.0.0
2024-04-06 15:28:50,805 [WARN] ConditionMgr:1039 - genDependencies : Invalid condition id : LAN8742 Phy interface Condition cause : null
2024-04-06 15:28:50,806 [WARN] ConditionMgr:1039 - genDependencies : Invalid condition id : LAN8742 Phy interface Condition cause : null
2024-04-06 15:28:50,807 [WARN] ConditionMgr:1039 - genDependencies : Invalid condition id : LAN8742 Phy interface Condition cause : null
2024-04-06 15:28:50,825 [WARN] PackLoader:240 - Cannot read IP mode file for STMicroelectronics.X-CUBE-SFXS2LP1.4.0.0
2024-04-06 15:28:50,840 [WARN] PackLoader:240 - Cannot read IP mode file for STMicroelectronics.X-CUBE-ISPU.1.1.0
2024-04-06 15:28:50,869 [WARN] ConditionMgr:438 - getConditionDescription Invalid condition id : UX DEVICE CLASS RTOS Condition cause : null
2024-04-06 15:28:50,869 [WARN] ConditionMgr:438 - getConditionDescription Invalid condition id : UX DEVICE CLASS RTOS Condition cause : null
2024-04-06 15:28:50,870 [WARN] PackLoader:240 - Cannot read IP mode file for STMicroelectronics.X-CUBE-AZRTOS-WB.2.0.0
2024-04-06 15:28:50,871 [WARN] ConditionMgr:1039 - genDependencies : Invalid condition id : UX DEVICE CLASS RTOS Condition cause : null
2024-04-06 15:28:50,871 [WARN] ConditionMgr:1039 - genDependencies : Invalid condition id : UX DEVICE CLASS RTOS Condition cause : null
2024-04-06 15:28:50,872 [WARN] ConditionMgr:1039 - genDependencies : Invalid condition id : UX DEVICE CLASS RTOS Condition cause : null
2024-04-06 15:28:50,873 [WARN] ConditionMgr:1039 - genDependencies : Invalid condition id : UX DEVICE CLASS RTOS Condition cause : null
2024-04-06 15:28:50,873 [WARN] ConditionMgr:1039 - genDependencies : Invalid condition id : UX DEVICE CLASS RTOS Condition cause : null
2024-04-06 15:28:50,891 [WARN] PackLoader:240 - Cannot read IP mode file for STMicroelectronics.X-CUBE-SUBG2.5.0.0
2024-04-06 15:28:50,917 [WARN] PackLoader:240 - Cannot read IP mode file for STMicroelectronics.X-CUBE-TOF1.3.3.1
2024-04-06 15:28:50,956 [WARN] PackLoader:240 - Cannot read IP mode file for STMicroelectronics.X-CUBE-AZRTOS-G4.2.0.0
2024-04-06 15:28:50,977 [WARN] PackLoader:240 - Cannot read IP mode file for Infineon.AIROC-Wi-Fi-Bluetooth-STM32.1.5.1
2024-04-06 15:28:50,995 [WARN] PackLoader:240 - Cannot read IP mode file for STMicroelectronics.FP-SNS-MOTENVWB1.1.3.0
2024-04-06 15:28:51,010 [WARN] PackLoader:240 - Cannot read IP mode file for STMicroelectronics.FP-SNS-MOTENVWB1.1.3.1
2024-04-06 15:28:51,020 [WARN] PackLoader:240 - Cannot read IP mode file for STMicroelectronics.X-CUBE-ISPU.2.0.0
2024-04-06 15:28:51,067 [WARN] PackLoader:240 - Cannot read IP mode file for STMicroelectronics.X-CUBE-MEMS1.10.0.0
2024-04-06 15:28:51,193 [WARN] PackLoader:240 - Cannot read IP mode file for STMicroelectronics.X-CUBE-FREERTOS.1.1.0
2024-04-06 15:28:51,210 [WARN] PackLoader:240 - Cannot read IP mode file for portGmbH.I-Cube-SoM-uGOAL.1.1.0
2024-04-06 15:28:51,224 [WARN] PackLoader:240 - Cannot read IP mode file for STMicroelectronics.X-CUBE-ALS.1.0.1
2024-04-06 15:28:51,237 [WARN] PackLoader:240 - Cannot read IP mode file for STMicroelectronics.FP-ATR-ASTRA1.2.0.0
2024-04-06 15:28:51,257 [WARN] PackLoader:240 - Cannot read IP mode file for STMicroelectronics.X-CUBE-TOF1.3.4.0
2024-04-06 15:28:51,290 [WARN] PackLoader:240 - Cannot read IP mode file for STMicroelectronics.X-CUBE-TOF1.3.4.1
2024-04-06 15:28:51,333 [WARN] PackLoader:240 - Cannot read IP mode file for STMicroelectronics.X-CUBE-AZRTOS-H7.3.2.0
2024-04-06 15:28:51,335 [INFO] ThirdParty:978 - Integrity check success = true
2024-04-06 15:28:51,335 [INFO] IntegrityCheckThread:100 - exiting critical section [integrity check]
2024-04-06 15:28:51,335 [INFO] IntegrityCheckThread:103 - End integrity checks thread
2024-04-06 15:28:53,434 [INFO] WebApp:161 - Instantiating new browser for Auth
2024-04-06 15:28:54,282 [INFO] WebApp:779 - Register for checkConnection events
2024-04-06 15:28:54,282 [INFO] WebApp:414 - Apply proxy settings
2024-04-06 15:28:54,282 [INFO] WebApp:499 - Chromium requires no authentication
2024-04-06 15:28:54,292 [INFO] WebApp:442 - Direct internet connection detected
2024-04-06 15:28:54,535 [INFO] WebApp:192 - Starting web application
2024-04-06 15:28:54,535 [INFO] WebApp:544 - Web application path used C:\ST\STM32CubeIDE_1.13.2\STM32CubeIDE\plugins\com.st.stm32cube.common.mx_6.11.0.202403141607\db\plugins\mcufinder\reactClient1\index.html
