2024-02-21 09:41:25,345 [INFO] Activator:176 - 


2024-02-21 09:41:25,353 [INFO] Activator:177 - !SESSION log4j initialized
2024-02-21 09:41:37,229 [INFO] LogOutputStream:77 - [STDOUT_REDIRECT] 
2024-02-21 09:41:38,244 [INFO] ApplicationProperties:184 - Using Application install path: C:\ST\STM32CubeIDE_1.13.2\STM32CubeIDE\plugins\com.st.stm32cube.common.mx_6.10.0.202311202037
2024-02-21 09:41:38,263 [INFO] DbMcusXml:78 - Set database path to: C:\ST\STM32CubeIDE_1.13.2\STM32CubeIDE\plugins\com.st.stm32cube.common.mx_6.10.0.202311202037\\db\/mcu/
2024-02-21 09:41:38,263 [INFO] ApiDb:274 - Set plugin database path to: C:\ST\STM32CubeIDE_1.13.2\STM32CubeIDE\plugins\com.st.stm32cube.common.mx_6.10.0.202311202037\\db\/plugins/boardmanager/
2024-02-21 09:41:38,264 [WARN] ApiDb:259 - Overriding images path with different value:  => C:\ST\STM32CubeIDE_1.13.2\STM32CubeIDE\plugins\com.st.stm32cube.common.mx_6.10.0.202311202037\\db\/plugins/mcufinder/images/
2024-02-21 09:41:38,281 [INFO] ApiDb:250 - Set database path to: C:\Users\evanr\.stmcufinder\plugins\mcufinder//mcu/
2024-02-21 09:41:38,285 [INFO] DbMcusAds:125 - Set database path to: C:\Users\evanr\.stmcufinder\plugins\mcufinder//mcu/
2024-02-21 09:41:38,287 [INFO] CrossReferenceDbSqlite:203 - Set database path to: C:\Users\evanr\.stmcufinder\plugins\mcufinder//mcu/cs/
2024-02-21 09:41:38,414 [INFO] RulesReader:64 - Compatibility file has been processed (297 Rules)
2024-02-21 09:41:38,489 [INFO] DbMcusXml:78 - Set database path to: C:\ST\STM32CubeIDE_1.13.2\STM32CubeIDE\plugins\com.st.stm32cube.common.mx_6.10.0.202311202037\\db\/mcu/
2024-02-21 09:41:38,489 [INFO] ApiDb:274 - Set plugin database path to: C:\ST\STM32CubeIDE_1.13.2\STM32CubeIDE\plugins\com.st.stm32cube.common.mx_6.10.0.202311202037\\db\/plugins/boardmanager/
2024-02-21 09:41:38,489 [INFO] ApiDb:261 - Set plugin images path to: C:\ST\STM32CubeIDE_1.13.2\STM32CubeIDE\plugins\com.st.stm32cube.common.mx_6.10.0.202311202037\\db\/plugins/mcufinder/images/
2024-02-21 09:41:38,489 [WARN] DbFile:41 - Overriding database path with different value: C:\Users\evanr\.stmcufinder\plugins\mcufinder/ => C:\Users\evanr\.stmcufinder\plugins\mcufinder
2024-02-21 09:41:38,489 [INFO] ApiDb:250 - Set database path to: C:\Users\evanr\.stmcufinder\plugins\mcufinder//mcu/
2024-02-21 09:41:38,489 [WARN] DbFile:41 - Overriding database path with different value: C:\Users\evanr\.stmcufinder\plugins\mcufinder/ => C:\Users\evanr\.stmcufinder\plugins\mcufinder
2024-02-21 09:41:38,489 [INFO] DbMcusAds:125 - Set database path to: C:\Users\evanr\.stmcufinder\plugins\mcufinder//mcu/
2024-02-21 09:41:38,489 [WARN] DbFile:41 - Overriding database path with different value: C:\Users\evanr\.stmcufinder\plugins\mcufinder/ => C:\Users\evanr\.stmcufinder\plugins\mcufinder
2024-02-21 09:41:38,489 [WARN] DbFile:41 - Overriding database path with different value: C:\Users\evanr\.stmcufinder\plugins\mcufinder/ => C:\Users\evanr\.stmcufinder\plugins\mcufinder
2024-02-21 09:41:38,490 [INFO] CrossReferenceDbSqlite:203 - Set database path to: C:\Users\evanr\.stmcufinder\plugins\mcufinder//mcu/cs/
2024-02-21 09:41:38,567 [INFO] MainPanel:264 - HeapMemory: 268435456
2024-02-21 09:41:38,659 [INFO] DbMcusXml:78 - Set database path to: C:\ST\STM32CubeIDE_1.13.2\STM32CubeIDE\plugins\com.st.stm32cube.common.mx_6.10.0.202311202037\\db\/mcu/
2024-02-21 09:41:38,659 [INFO] ApiDb:274 - Set plugin database path to: C:\ST\STM32CubeIDE_1.13.2\STM32CubeIDE\plugins\com.st.stm32cube.common.mx_6.10.0.202311202037\\db\/plugins/boardmanager/
2024-02-21 09:41:38,660 [INFO] ApiDb:261 - Set plugin images path to: C:\ST\STM32CubeIDE_1.13.2\STM32CubeIDE\plugins\com.st.stm32cube.common.mx_6.10.0.202311202037\\db\/plugins/mcufinder/images/
2024-02-21 09:41:38,660 [WARN] DbFile:41 - Overriding database path with different value: C:\Users\evanr\.stmcufinder\plugins\mcufinder/ => C:\Users\evanr\.stmcufinder\plugins\mcufinder
2024-02-21 09:41:38,660 [INFO] ApiDb:250 - Set database path to: C:\Users\evanr\.stmcufinder\plugins\mcufinder//mcu/
2024-02-21 09:41:38,660 [WARN] DbFile:41 - Overriding database path with different value: C:\Users\evanr\.stmcufinder\plugins\mcufinder/ => C:\Users\evanr\.stmcufinder\plugins\mcufinder
2024-02-21 09:41:38,660 [INFO] DbMcusAds:125 - Set database path to: C:\Users\evanr\.stmcufinder\plugins\mcufinder//mcu/
2024-02-21 09:41:38,660 [WARN] DbFile:41 - Overriding database path with different value: C:\Users\evanr\.stmcufinder\plugins\mcufinder/ => C:\Users\evanr\.stmcufinder\plugins\mcufinder
2024-02-21 09:41:38,660 [WARN] DbFile:41 - Overriding database path with different value: C:\Users\evanr\.stmcufinder\plugins\mcufinder/ => C:\Users\evanr\.stmcufinder\plugins\mcufinder
2024-02-21 09:41:38,661 [INFO] CrossReferenceDbSqlite:203 - Set database path to: C:\Users\evanr\.stmcufinder\plugins\mcufinder//mcu/cs/
2024-02-21 09:41:38,681 [INFO] ApplicationProperties:184 - Using Application install path: C:\ST\STM32CubeIDE_1.13.2\STM32CubeIDE\plugins\com.st.stm32cube.common.mx_6.10.0.202311202037
2024-02-21 09:41:38,683 [INFO] PluginManage:196 - Search for loadable plugins [exclusion list=, ]
2024-02-21 09:41:38,685 [INFO] PluginManage:310 - Check plugin analytics
2024-02-21 09:41:38,848 [INFO] AnalyticsPlugin:253 - Accepted Software Licenses: STM32CubeMX.6.10.0
2024-02-21 09:41:38,848 [INFO] AnalyticsPlugin:255 - Accepted CMSIS Pack Licenses: STMicroelectronics.X-CUBE-AI.8.1.0
2024-02-21 09:41:38,848 [INFO] AnalyticsPlugin:257 - Accepted Firmware Licenses: FW.F4.1.27.0
2024-02-21 09:41:38,850 [INFO] PluginManage:359 - Loaded plugin analytics (category:tool,tabindex:-1)
2024-02-21 09:41:38,851 [INFO] PluginManage:310 - Check plugin cadmodel
2024-02-21 09:41:38,863 [INFO] CADModel:105 - Init CAD model plugin
2024-02-21 09:41:38,863 [INFO] PluginManage:359 - Loaded plugin cadmodel (category:power,tabindex:5)
2024-02-21 09:41:38,863 [INFO] PluginManage:310 - Check plugin clock
2024-02-21 09:41:38,882 [INFO] PluginManage:359 - Loaded plugin clock (category:base,tabindex:2)
2024-02-21 09:41:38,883 [INFO] PluginManage:310 - Check plugin ddr
2024-02-21 09:41:38,884 [INFO] PluginManage:359 - Loaded plugin ddr (category:tool,tabindex:6)
2024-02-21 09:41:38,884 [INFO] PluginManage:310 - Check plugin filemanager
2024-02-21 09:41:39,004 [INFO] PluginManage:359 - Loaded plugin filemanager (category:base,tabindex:10)
2024-02-21 09:41:39,004 [INFO] PluginManage:310 - Check plugin ipmanager
2024-02-21 09:41:39,010 [INFO] PluginManage:359 - Loaded plugin ipmanager (category:base,tabindex:5)
2024-02-21 09:41:39,010 [INFO] PluginManage:310 - Check plugin lpbam
2024-02-21 09:41:39,026 [INFO] PluginManage:359 - Loaded plugin lpbam (category:base,tabindex:0)
2024-02-21 09:41:39,026 [INFO] PluginManage:310 - Check plugin memorymap
2024-02-21 09:41:39,051 [INFO] PluginManage:359 - Loaded plugin memorymap (category:base,tabindex:4)
2024-02-21 09:41:39,051 [INFO] PluginManage:310 - Check plugin pinoutandconfiguration
2024-02-21 09:41:39,072 [INFO] PluginManage:359 - Loaded plugin pinoutandconfiguration (category:base,tabindex:1)
2024-02-21 09:41:39,072 [INFO] PluginManage:310 - Check plugin pinoutconfig
2024-02-21 09:41:39,162 [WARN] SupportedApi:132 - Cannot load RTOS API schema: s4s-elt-must-match.1: The content of 'definitions' must match (annotation?, (simpleType | complexType)?, (unique | key | keyref)*)). A problem was found starting at: attribute.
2024-02-21 09:41:39,290 [INFO] PluginManage:359 - Loaded plugin pinoutconfig (category:base,tabindex:0)
2024-02-21 09:41:39,290 [INFO] PluginManage:310 - Check plugin power
2024-02-21 09:41:39,313 [INFO] PluginManage:359 - Loaded plugin power (category:power,tabindex:4)
2024-02-21 09:41:39,313 [INFO] PluginManage:310 - Check plugin projectmanager
2024-02-21 09:41:39,327 [INFO] PluginManage:359 - Loaded plugin projectmanager (category:projectmanager,tabindex:3)
2024-02-21 09:41:39,327 [INFO] PluginManage:310 - Check plugin thirdparty
2024-02-21 09:41:39,565 [WARN] IntegrityCheckThread:84 - waiting for thirdparty lock release [integrity check]
2024-02-21 09:41:39,565 [INFO] PluginManage:359 - Loaded plugin thirdparty (category:base,tabindex:-1)
2024-02-21 09:41:39,565 [INFO] IntegrityCheckThread:86 - entering critical section [integrity check]
2024-02-21 09:41:39,565 [INFO] PluginManage:310 - Check plugin tools
2024-02-21 09:41:39,565 [INFO] ThirdPartyUpdaterWithRetryManager:70 - Updater plugin not ready yet. [1/15]
2024-02-21 09:41:39,592 [INFO] PluginManage:359 - Loaded plugin tools (category:base,tabindex:7)
2024-02-21 09:41:39,592 [INFO] PluginManage:310 - Check plugin tutovideos
2024-02-21 09:41:39,790 [INFO] PluginManage:359 - Loaded plugin tutovideos (category:base,tabindex:-1)
2024-02-21 09:41:39,791 [INFO] PluginManage:310 - Check plugin updater
2024-02-21 09:41:39,805 [INFO] PluginManage:359 - Loaded plugin updater (category:base,tabindex:12)
2024-02-21 09:41:39,805 [INFO] PluginManage:310 - Check plugin userauth
2024-02-21 09:41:39,811 [INFO] UserAuth:114 - Init User Auth plugin
2024-02-21 09:41:39,811 [INFO] PluginManage:359 - Loaded plugin userauth (category:base,tabindex:14)
2024-02-21 09:41:39,812 [INFO] PluginManage:283 - PluginManage : Loaded plugins [17]
2024-02-21 09:41:40,054 [INFO] PinOutPanel:1499 - setPackage(No Configuration,No Configuration)
2024-02-21 09:41:40,122 [INFO] CADModel:165 - CPN selected for project level
2024-02-21 09:41:40,122 [INFO] CADModel:114 - Register for checkConnection events
2024-02-21 09:41:40,149 [INFO] IPUIPlugin:80 - create IPUIPlugin
2024-02-21 09:41:40,149 [INFO] PluginManager:220 - loadIPPluginJar : add adc
2024-02-21 09:41:40,178 [INFO] IPUIPlugin:80 - create IPUIPlugin
2024-02-21 09:41:40,178 [INFO] PluginManager:220 - loadIPPluginJar : add aes
2024-02-21 09:41:40,215 [INFO] IPUIPlugin:80 - create IPUIPlugin
2024-02-21 09:41:40,215 [INFO] PluginManager:220 - loadIPPluginJar : add can
2024-02-21 09:41:40,234 [INFO] IPUIPlugin:80 - create IPUIPlugin
2024-02-21 09:41:40,234 [INFO] PluginManager:220 - loadIPPluginJar : add comp
2024-02-21 09:41:40,260 [INFO] IPUIPlugin:80 - create IPUIPlugin
2024-02-21 09:41:40,261 [INFO] PluginManager:220 - loadIPPluginJar : add cryp
2024-02-21 09:41:40,285 [INFO] IPUIPlugin:80 - create IPUIPlugin
2024-02-21 09:41:40,285 [INFO] PluginManager:220 - loadIPPluginJar : add dfsdm
2024-02-21 09:41:40,297 [INFO] IPUIPlugin:80 - create IPUIPlugin
2024-02-21 09:41:40,298 [INFO] PluginManager:220 - loadIPPluginJar : add dma
2024-02-21 09:41:40,330 [INFO] IPUIPlugin:80 - create IPUIPlugin
2024-02-21 09:41:40,331 [INFO] PluginManager:220 - loadIPPluginJar : add dma3
2024-02-21 09:41:40,347 [INFO] IPUIPlugin:80 - create IPUIPlugin
2024-02-21 09:41:40,347 [INFO] PluginManager:220 - loadIPPluginJar : add fatfs
2024-02-21 09:41:40,382 [INFO] IPUIPlugin:80 - create IPUIPlugin
2024-02-21 09:41:40,382 [INFO] PluginManager:220 - loadIPPluginJar : add fmc
2024-02-21 09:41:40,396 [INFO] IPUIPlugin:80 - create IPUIPlugin
2024-02-21 09:41:40,396 [INFO] PluginManager:220 - loadIPPluginJar : add freertos
2024-02-21 09:41:40,413 [INFO] IPUIPlugin:80 - create IPUIPlugin
2024-02-21 09:41:40,413 [INFO] PluginManager:220 - loadIPPluginJar : add genericplugin
2024-02-21 09:41:40,487 [INFO] IPUIPlugin:80 - create IPUIPlugin
2024-02-21 09:41:40,487 [INFO] PluginManager:220 - loadIPPluginJar : add gfxmmu
2024-02-21 09:41:40,587 [INFO] IPUIPlugin:80 - create IPUIPlugin
2024-02-21 09:41:40,587 [INFO] PluginManager:220 - loadIPPluginJar : add gic
2024-02-21 09:41:40,598 [INFO] IPUIPlugin:80 - create IPUIPlugin
2024-02-21 09:41:40,598 [INFO] PluginManager:220 - loadIPPluginJar : add gpio
2024-02-21 09:41:40,668 [INFO] IPUIPlugin:80 - create IPUIPlugin
2024-02-21 09:41:40,668 [INFO] PluginManager:220 - loadIPPluginJar : add gtzc
2024-02-21 09:41:40,692 [INFO] IPUIPlugin:80 - create IPUIPlugin
2024-02-21 09:41:40,692 [INFO] PluginManager:220 - loadIPPluginJar : add hash
2024-02-21 09:41:40,733 [INFO] IPUIPlugin:80 - create IPUIPlugin
2024-02-21 09:41:40,733 [INFO] PluginManager:220 - loadIPPluginJar : add i2c
2024-02-21 09:41:40,764 [INFO] IPUIPlugin:80 - create IPUIPlugin
2024-02-21 09:41:40,764 [INFO] PluginManager:220 - loadIPPluginJar : add i2s
2024-02-21 09:41:40,797 [INFO] IPUIPlugin:80 - create IPUIPlugin
2024-02-21 09:41:40,797 [INFO] PluginManager:220 - loadIPPluginJar : add i3c
2024-02-21 09:41:40,882 [INFO] IPUIPlugin:80 - create IPUIPlugin
2024-02-21 09:41:40,884 [INFO] PluginManager:220 - loadIPPluginJar : add ipddr
2024-02-21 09:41:40,953 [INFO] IPUIPlugin:80 - create IPUIPlugin
2024-02-21 09:41:40,953 [INFO] PluginManager:220 - loadIPPluginJar : add linkedlist
2024-02-21 09:41:40,982 [INFO] IPUIPlugin:80 - create IPUIPlugin
2024-02-21 09:41:40,982 [INFO] PluginManager:220 - loadIPPluginJar : add lorawan
2024-02-21 09:41:41,010 [INFO] IPUIPlugin:80 - create IPUIPlugin
2024-02-21 09:41:41,011 [INFO] PluginManager:220 - loadIPPluginJar : add ltdc
2024-02-21 09:41:41,024 [INFO] IPUIPlugin:80 - create IPUIPlugin
2024-02-21 09:41:41,024 [INFO] PluginManager:220 - loadIPPluginJar : add mdma
2024-02-21 09:41:41,033 [INFO] IPUIPlugin:80 - create IPUIPlugin
2024-02-21 09:41:41,033 [INFO] PluginManager:220 - loadIPPluginJar : add nvic
2024-02-21 09:41:41,063 [INFO] IPUIPlugin:80 - create IPUIPlugin
2024-02-21 09:41:41,063 [INFO] PluginManager:220 - loadIPPluginJar : add opamp
2024-02-21 09:41:41,110 [INFO] IPUIPlugin:80 - create IPUIPlugin
2024-02-21 09:41:41,110 [INFO] PluginManager:220 - loadIPPluginJar : add openamp
2024-02-21 09:41:41,148 [INFO] IPUIPlugin:80 - create IPUIPlugin
2024-02-21 09:41:41,148 [INFO] PluginManager:220 - loadIPPluginJar : add pdm2pcm
2024-02-21 09:41:41,160 [INFO] IPUIPlugin:80 - create IPUIPlugin
2024-02-21 09:41:41,162 [INFO] PluginManager:220 - loadIPPluginJar : add plateformsettings
2024-02-21 09:41:41,180 [INFO] IPUIPlugin:80 - create IPUIPlugin
2024-02-21 09:41:41,180 [INFO] PluginManager:220 - loadIPPluginJar : add quadspi
2024-02-21 09:41:41,190 [INFO] IPUIPlugin:80 - create IPUIPlugin
2024-02-21 09:41:41,190 [INFO] PluginManager:220 - loadIPPluginJar : add resmgrutility
2024-02-21 09:41:41,238 [INFO] IPUIPlugin:80 - create IPUIPlugin
2024-02-21 09:41:41,239 [INFO] PluginManager:220 - loadIPPluginJar : add sai
2024-02-21 09:41:41,270 [INFO] IPUIPlugin:80 - create IPUIPlugin
2024-02-21 09:41:41,271 [INFO] PluginManager:220 - loadIPPluginJar : add spi
2024-02-21 09:41:41,329 [INFO] IPUIPlugin:80 - create IPUIPlugin
2024-02-21 09:41:41,329 [INFO] PluginManager:220 - loadIPPluginJar : add stm32_wpan
2024-02-21 09:41:41,351 [INFO] IPUIPlugin:80 - create IPUIPlugin
2024-02-21 09:41:41,351 [INFO] PluginManager:220 - loadIPPluginJar : add tim
2024-02-21 09:41:41,399 [INFO] IPUIPlugin:80 - create IPUIPlugin
2024-02-21 09:41:41,399 [INFO] PluginManager:220 - loadIPPluginJar : add touchsensing
2024-02-21 09:41:41,419 [INFO] IPUIPlugin:80 - create IPUIPlugin
2024-02-21 09:41:41,420 [INFO] PluginManager:220 - loadIPPluginJar : add tracer_emb
2024-02-21 09:41:41,438 [INFO] IPUIPlugin:80 - create IPUIPlugin
2024-02-21 09:41:41,438 [INFO] PluginManager:220 - loadIPPluginJar : add ts
2024-02-21 09:41:41,456 [INFO] IPUIPlugin:80 - create IPUIPlugin
2024-02-21 09:41:41,456 [INFO] PluginManager:220 - loadIPPluginJar : add tsc
2024-02-21 09:41:41,474 [INFO] IPUIPlugin:80 - create IPUIPlugin
2024-02-21 09:41:41,474 [INFO] PluginManager:220 - loadIPPluginJar : add ucpd
2024-02-21 09:41:41,509 [INFO] IPUIPlugin:80 - create IPUIPlugin
2024-02-21 09:41:41,509 [INFO] PluginManager:220 - loadIPPluginJar : add usart
2024-02-21 09:41:41,545 [INFO] IPUIPlugin:80 - create IPUIPlugin
2024-02-21 09:41:41,545 [INFO] PluginManager:220 - loadIPPluginJar : add usbx
2024-02-21 09:41:41,665 [INFO] CADModel:165 - CPN selected for project level
2024-02-21 09:41:41,665 [INFO] CADModel:114 - Register for checkConnection events
2024-02-21 09:41:41,667 [FATAL] Updater:308 - Updater called before beeing initialized
2024-02-21 09:41:41,667 [ERROR] CADModel:125 - Updater not yet initialized, retry later 
2024-02-21 09:41:41,789 [INFO] CADModel:165 - CPN selected for project level
2024-02-21 09:41:41,789 [INFO] CADModel:114 - Register for checkConnection events
2024-02-21 09:41:41,789 [FATAL] Updater:308 - Updater called before beeing initialized
2024-02-21 09:41:41,789 [ERROR] CADModel:125 - Updater not yet initialized, retry later 
2024-02-21 09:41:41,794 [FATAL] Updater:308 - Updater called before beeing initialized
2024-02-21 09:41:41,895 [FATAL] Updater:308 - Updater called before beeing initialized
2024-02-21 09:41:41,904 [INFO] DbMcusAds:53 - JSON generation date=Wed Nov 29 04:52:27 CST 2023 (1701255147349)
2024-02-21 09:41:41,904 [FATAL] Updater:308 - Updater called before beeing initialized
2024-02-21 09:41:41,969 [WARN] DetailPanel:346 - Failed to get advertising image, set to default
2024-02-21 09:41:42,044 [FATAL] Updater:308 - Updater called before beeing initialized
2024-02-21 09:41:42,047 [FATAL] Updater:308 - Updater called before beeing initialized
2024-02-21 09:41:42,047 [FATAL] Updater:308 - Updater called before beeing initialized
2024-02-21 09:41:42,047 [WARN] DetailPanel:346 - Failed to get advertising image, set to default
2024-02-21 09:41:42,047 [FATAL] Updater:308 - Updater called before beeing initialized
2024-02-21 09:41:42,105 [ERROR] Updater:1120 - MainUpdater not yet initialized. External WinMGr cannot be set.
2024-02-21 09:41:42,117 [INFO] Updater:1056 - Updater Version found : 6.10.0
2024-02-21 09:41:42,135 [INFO] ApplicationProperties:184 - Using Application install path: C:\ST\STM32CubeIDE_1.13.2\STM32CubeIDE\plugins\com.st.stm32cube.common.mx_6.10.0.202311202037
2024-02-21 09:41:42,566 [INFO] ThirdPartyUpdaterWithRetryManager:70 - Updater plugin not ready yet. [2/15]
2024-02-21 09:41:43,715 [ERROR] LogOutputStream:75 - [STDERR_REDIRECT] Feb 21, 2024 9:41:43 AM java.util.prefs.WindowsPreferences <init>
2024-02-21 09:41:43,716 [ERROR] LogOutputStream:75 - [STDERR_REDIRECT] WARNING: Could not open/create prefs root node Software\JavaSoft\Prefs at root 0xffffffff80000002. Windows RegCreateKeyEx(...) returned error code 5.
2024-02-21 09:41:43,717 [ERROR] LogOutputStream:75 - [STDERR_REDIRECT] 
2024-02-21 09:41:44,375 [INFO] MainUpdater:2873 - connection check result : 10
2024-02-21 09:41:44,376 [INFO] MainUpdater:290 - Updater Check For Update Now.
2024-02-21 09:41:44,376 [INFO] MicroXplorer:498 - Change Database Version : DB.6.0.100
2024-02-21 09:41:44,389 [INFO] McuFinderGlobals:63 - Set McuFinder mode to 2 (CubeIDE integrated)
2024-02-21 09:41:44,403 [INFO] UserAuth:404 - Internet connection configuration mode: 1
2024-02-21 09:41:44,434 [INFO] JxBrowserEngine:152 - Initiate JxBrowser Engine with user profile folder
2024-02-21 09:41:44,571 [INFO] CheckServerUpdateThread:120 - End of CheckServer Thread
2024-02-21 09:41:45,732 [WARN] PackLoader:240 - Cannot read IP mode file for STMicroelectronics.X-CUBE-SMBUS.2.1.0
2024-02-21 09:41:45,748 [WARN] PackLoader:240 - Cannot read IP mode file for STMicroelectronics.X-CUBE-TOUCHGFX.4.23.0
2024-02-21 09:41:45,888 [WARN] PackLoader:240 - Cannot read IP mode file for STMicroelectronics.X-CUBE-AZRTOS-F7.1.1.0
2024-02-21 09:41:45,907 [WARN] PackLoader:240 - Cannot read IP mode file for STMicroelectronics.FP-SNS-MOTENV1.4.3.2
2024-02-21 09:41:45,921 [WARN] PackLoader:240 - Cannot read IP mode file for STMicroelectronics.FP-SNS-FLIGHT1.5.0.2
2024-02-21 09:41:45,937 [WARN] PackLoader:240 - Cannot read IP mode file for STMicroelectronics.X-CUBE-DISPLAY.3.0.0
2024-02-21 09:41:45,958 [WARN] PackLoader:240 - Cannot read IP mode file for STMicroelectronics.X-CUBE-BLE1.7.0.0
2024-02-21 09:41:45,971 [WARN] PackLoader:240 - Cannot read IP mode file for emotas.I-CUBE-CANOPEN.1.3.0
2024-02-21 09:41:45,983 [WARN] PackLoader:240 - Cannot read IP mode file for STMicroelectronics.X-CUBE-TOUCHGFX.4.22.0
2024-02-21 09:41:45,994 [WARN] PackLoader:240 - Cannot read IP mode file for STMicroelectronics.X-CUBE-TOUCHGFX.4.22.1
2024-02-21 09:41:46,006 [WARN] PackLoader:240 - Cannot read IP mode file for STMicroelectronics.FP-SNS-SMARTAG2.1.2.0
2024-02-21 09:41:46,026 [INFO] LogOutputStream:77 - [STDOUT_REDIRECT] 1 : Invalid condition id : UX_CORESTACK_Condition cause : null
2024-02-21 09:41:46,026 [INFO] LogOutputStream:77 - [STDOUT_REDIRECT] 1 : Invalid condition id : UX_CORESTACK_Condition cause : null
2024-02-21 09:41:46,027 [INFO] LogOutputStream:77 - [STDOUT_REDIRECT] 1 : Invalid condition id : UX_CORESTACK_Condition cause : null
2024-02-21 09:41:46,029 [INFO] LogOutputStream:77 - [STDOUT_REDIRECT] 1 : Invalid condition id : UX_CORESTACK_Condition cause : null
2024-02-21 09:41:46,029 [INFO] LogOutputStream:77 - [STDOUT_REDIRECT] 1 : Invalid condition id : UX_CORESTACK_Condition cause : null
2024-02-21 09:41:46,034 [WARN] PackLoader:240 - Cannot read IP mode file for STMicroelectronics.X-CUBE-AZRTOS-WL.2.0.0
2024-02-21 09:41:46,050 [WARN] PackLoader:240 - Cannot read IP mode file for WES.I-CUBE-Cesium.1.3.0
2024-02-21 09:41:46,064 [WARN] PackLoader:240 - Cannot read IP mode file for STMicroelectronics.X-CUBE-BLE2.3.3.0
2024-02-21 09:41:46,092 [WARN] PackLoader:240 - Cannot read IP mode file for STMicroelectronics.X-CUBE-TOUCHGFX.4.18.1
2024-02-21 09:41:46,158 [WARN] PackLoader:240 - Cannot read IP mode file for STMicroelectronics.X-CUBE-ALGOBUILD.1.3.0
2024-02-21 09:41:46,187 [WARN] PackLoader:240 - Cannot read IP mode file for STMicroelectronics.X-CUBE-AZRTOS-G0.1.1.0
2024-02-21 09:41:46,202 [WARN] PackLoader:240 - Cannot read IP mode file for STMicroelectronics.X-CUBE-NFC4.3.0.0
2024-02-21 09:41:46,222 [WARN] PackLoader:240 - Cannot read IP mode file for STMicroelectronics.X-CUBE-BLEMGR.3.0.0
2024-02-21 09:41:46,237 [WARN] PackLoader:240 - Cannot read IP mode file for STMicroelectronics.FP-ATR-SIGFOX1.3.2.0
2024-02-21 09:41:46,251 [WARN] PackLoader:240 - Cannot read IP mode file for STMicroelectronics.X-CUBE-EEPRMA1.5.1.0
2024-02-21 09:41:46,282 [WARN] PackLoader:240 - Cannot read IP mode file for SEGGER.I-CUBE-embOS.1.3.1
2024-02-21 09:41:46,324 [WARN] PackLoader:240 - Cannot read IP mode file for STMicroelectronics.X-CUBE-GNSS1.6.0.0
2024-02-21 09:41:46,353 [WARN] PackLoader:240 - Cannot read IP mode file for STMicroelectronics.X-CUBE-AZRTOS-F4.1.1.0
2024-02-21 09:41:46,367 [WARN] PackLoader:240 - Cannot read IP mode file for wolfSSL.I-CUBE-wolfSSL.5.6.3
2024-02-21 09:41:46,396 [WARN] PackLoader:240 - Cannot read IP mode file for STMicroelectronics.X-CUBE-AZRTOS-L5.2.0.0
2024-02-21 09:41:46,455 [WARN] PackLoader:240 - Cannot read IP mode file for STMicroelectronics.X-CUBE-MEMS1.9.6.0
2024-02-21 09:41:46,663 [WARN] PackLoader:240 - Cannot read IP mode file for STMicroelectronics.X-CUBE-EEPRMA1.4.2.0
2024-02-21 09:41:46,675 [WARN] PackLoader:240 - Cannot read IP mode file for ITTIA_DB.I-CUBE-ITTIADB.8.8.0
2024-02-21 09:41:46,688 [WARN] PackLoader:240 - Cannot read IP mode file for STMicroelectronics.X-CUBE-BLEMGR.2.0.0
2024-02-21 09:41:46,723 [WARN] ConditionMgr:438 - getConditionDescription Invalid condition id : UX DEVICE CLASS RTOS Condition cause : null
2024-02-21 09:41:46,723 [WARN] ConditionMgr:438 - getConditionDescription Invalid condition id : UX DEVICE CLASS RTOS Condition cause : null
2024-02-21 09:41:46,727 [WARN] PackLoader:240 - Cannot read IP mode file for STMicroelectronics.X-CUBE-AZRTOS-H7.3.1.0
2024-02-21 09:41:46,728 [WARN] ConditionMgr:1039 - genDependencies : Invalid condition id : UX DEVICE CLASS RTOS Condition cause : null
2024-02-21 09:41:46,728 [WARN] ConditionMgr:1039 - genDependencies : Invalid condition id : UX DEVICE CLASS RTOS Condition cause : null
2024-02-21 09:41:46,729 [WARN] ConditionMgr:1039 - genDependencies : Invalid condition id : UX DEVICE CLASS RTOS Condition cause : null
2024-02-21 09:41:46,729 [WARN] ConditionMgr:1039 - genDependencies : Invalid condition id : UX DEVICE CLASS RTOS Condition cause : null
2024-02-21 09:41:46,729 [WARN] ConditionMgr:1039 - genDependencies : Invalid condition id : UX DEVICE CLASS RTOS Condition cause : null
2024-02-21 09:41:46,747 [WARN] PackLoader:240 - Cannot read IP mode file for STMicroelectronics.X-CUBE-NFC7.1.0.1
2024-02-21 09:41:46,763 [WARN] PackLoader:240 - Cannot read IP mode file for STMicroelectronics.X-CUBE-NFC6.3.0.0
2024-02-21 09:41:46,778 [WARN] PackLoader:240 - Cannot read IP mode file for STMicroelectronics.X-CUBE-EEPRMA1.4.1.0
2024-02-21 09:41:46,793 [WARN] PackLoader:240 - Cannot read IP mode file for STMicroelectronics.X-CUBE-AI.8.1.0
2024-02-21 09:41:46,865 [WARN] ConditionMgr:438 - getConditionDescription Invalid condition id : LAN8742 Phy interface Condition cause : null
2024-02-21 09:41:46,866 [WARN] PackLoader:240 - Cannot read IP mode file for STMicroelectronics.X-CUBE-AZRTOS-L4.2.0.0
2024-02-21 09:41:46,867 [WARN] ConditionMgr:1039 - genDependencies : Invalid condition id : LAN8742 Phy interface Condition cause : null
2024-02-21 09:41:46,867 [WARN] ConditionMgr:1039 - genDependencies : Invalid condition id : LAN8742 Phy interface Condition cause : null
2024-02-21 09:41:46,869 [WARN] ConditionMgr:1039 - genDependencies : Invalid condition id : LAN8742 Phy interface Condition cause : null
2024-02-21 09:41:46,885 [WARN] PackLoader:240 - Cannot read IP mode file for STMicroelectronics.X-CUBE-SFXS2LP1.4.0.0
2024-02-21 09:41:46,901 [WARN] PackLoader:240 - Cannot read IP mode file for STMicroelectronics.X-CUBE-ISPU.1.1.0
2024-02-21 09:41:46,925 [WARN] ConditionMgr:438 - getConditionDescription Invalid condition id : UX DEVICE CLASS RTOS Condition cause : null
2024-02-21 09:41:46,926 [WARN] ConditionMgr:438 - getConditionDescription Invalid condition id : UX DEVICE CLASS RTOS Condition cause : null
2024-02-21 09:41:46,928 [WARN] PackLoader:240 - Cannot read IP mode file for STMicroelectronics.X-CUBE-AZRTOS-WB.2.0.0
2024-02-21 09:41:46,929 [WARN] ConditionMgr:1039 - genDependencies : Invalid condition id : UX DEVICE CLASS RTOS Condition cause : null
2024-02-21 09:41:46,929 [WARN] ConditionMgr:1039 - genDependencies : Invalid condition id : UX DEVICE CLASS RTOS Condition cause : null
2024-02-21 09:41:46,929 [WARN] ConditionMgr:1039 - genDependencies : Invalid condition id : UX DEVICE CLASS RTOS Condition cause : null
2024-02-21 09:41:46,929 [WARN] ConditionMgr:1039 - genDependencies : Invalid condition id : UX DEVICE CLASS RTOS Condition cause : null
2024-02-21 09:41:46,929 [WARN] ConditionMgr:1039 - genDependencies : Invalid condition id : UX DEVICE CLASS RTOS Condition cause : null
2024-02-21 09:41:46,949 [WARN] PackLoader:240 - Cannot read IP mode file for STMicroelectronics.X-CUBE-SUBG2.5.0.0
2024-02-21 09:41:46,968 [WARN] PackLoader:240 - Cannot read IP mode file for STMicroelectronics.X-CUBE-TOF1.3.3.1
2024-02-21 09:41:47,001 [WARN] PackLoader:240 - Cannot read IP mode file for STMicroelectronics.X-CUBE-AZRTOS-G4.2.0.0
2024-02-21 09:41:47,025 [WARN] PackLoader:240 - Cannot read IP mode file for Infineon.AIROC-Wi-Fi-Bluetooth-STM32.1.5.1
2024-02-21 09:41:47,041 [WARN] PackLoader:240 - Cannot read IP mode file for STMicroelectronics.FP-SNS-MOTENVWB1.1.3.0
2024-02-21 09:41:47,053 [WARN] PackLoader:240 - Cannot read IP mode file for STMicroelectronics.FP-SNS-MOTENVWB1.1.3.1
2024-02-21 09:41:47,064 [WARN] PackLoader:240 - Cannot read IP mode file for STMicroelectronics.X-CUBE-ISPU.2.0.0
2024-02-21 09:41:47,117 [WARN] PackLoader:240 - Cannot read IP mode file for STMicroelectronics.X-CUBE-MEMS1.10.0.0
2024-02-21 09:41:47,244 [WARN] PackLoader:240 - Cannot read IP mode file for STMicroelectronics.X-CUBE-FREERTOS.1.1.0
2024-02-21 09:41:47,261 [WARN] PackLoader:240 - Cannot read IP mode file for portGmbH.I-Cube-SoM-uGOAL.1.1.0
2024-02-21 09:41:47,276 [WARN] PackLoader:240 - Cannot read IP mode file for STMicroelectronics.X-CUBE-ALS.1.0.1
2024-02-21 09:41:47,295 [WARN] PackLoader:240 - Cannot read IP mode file for STMicroelectronics.FP-ATR-ASTRA1.2.0.0
2024-02-21 09:41:47,323 [WARN] PackLoader:240 - Cannot read IP mode file for STMicroelectronics.X-CUBE-TOF1.3.4.0
2024-02-21 09:41:47,425 [WARN] PackLoader:240 - Cannot read IP mode file for STMicroelectronics.X-CUBE-AZRTOS-H7.3.2.0
2024-02-21 09:41:47,429 [INFO] ThirdParty:978 - Integrity check success = true
2024-02-21 09:41:47,429 [INFO] IntegrityCheckThread:100 - exiting critical section [integrity check]
2024-02-21 09:41:47,429 [INFO] IntegrityCheckThread:103 - End integrity checks thread
2024-02-21 09:41:47,614 [INFO] WebApp:161 - Instantiating new browser for Auth
2024-02-21 09:41:48,192 [INFO] WebApp:780 - Register for checkConnection events
2024-02-21 09:41:48,192 [INFO] WebApp:414 - Apply proxy settings
2024-02-21 09:41:48,192 [INFO] WebApp:499 - Chromium requires no authentication
2024-02-21 09:41:48,199 [INFO] WebApp:442 - Direct internet connection detected
2024-02-21 09:41:48,351 [INFO] WebApp:192 - Starting web application
2024-02-21 09:41:48,352 [INFO] WebApp:544 - Web application path used C:\ST\STM32CubeIDE_1.13.2\STM32CubeIDE\plugins\com.st.stm32cube.common.mx_6.10.0.202311202037\db\plugins\mcufinder\reactClient1\index.html
