arm-none-eabi-size  PhonPhot_Complete_CM7.elf 
   text	   data	    bss	    dec	    hex	filename
 627856	    408	  56196	 684460	  a71ac	PhonPhot_Complete_CM7.elf
Finished building: default.size.stdout
 
23:12:28 **** Incremental Build of configuration Debug for project PhonPhot_Complete_CM4 ****
make -j8 all 
arm-none-eabi-size  PhonPhot_Complete_CM4.elf 
   text	   data	    bss	    dec	    hex	filename
 717820	   3392	 114400	 835612	  cc01c	PhonPhot_Complete_CM4.elf
Finished building: default.size.stdout
 
23:13:05 **** Incremental Build of configuration Debug for project PhonPhot_Complete_CM4 ****
make -j8 all 
arm-none-eabi-size  PhonPhot_Complete_CM4.elf 
   text	   data	    bss	    dec	    hex	filename
 717820	   3392	 114400	 835612	  cc01c	PhonPhot_Complete_CM4.elf
Finished building: default.size.stdout
 
23:13:42 **** Incremental Build of configuration Debug for project PhonPhot_Complete_CM4 ****
make -j8 all 
arm-none-eabi-size  PhonPhot_Complete_CM4.elf 
   text	   data	    bss	    dec	    hex	filename
 717820	   3392	 114400	 835612	  cc01c	PhonPhot_Complete_CM4.elf
Finished building: default.size.stdout
 
23:13:44 **** Incremental Build of configuration Debug for project PhonPhot_Complete_CM7 ****
make -j8 all 
arm-none-eabi-size  PhonPhot_Complete_CM7.elf 
   text	   data	    bss	    dec	    hex	filename
 627856	    408	  56196	 684460	  a71ac	PhonPhot_Complete_CM7.elf
Finished building: default.size.stdout
 
23:13:46 **** Incremental Build of configuration Debug for project PhonPhot_Complete_CM4 ****
make -j8 all 
arm-none-eabi-size  PhonPhot_Complete_CM4.elf 
   text	   data	    bss	    dec	    hex	filename
 717820	   3392	 114400	 835612	  cc01c	PhonPhot_Complete_CM4.elf
Finished building: default.size.stdout
 
23:15:01 **** Incremental Build of configuration Debug for project PhonPhot_Complete_CM4 ****
make -j8 all 
arm-none-eabi-size  PhonPhot_Complete_CM4.elf 
   text	   data	    bss	    dec	    hex	filename
 717820	   3392	 114400	 835612	  cc01c	PhonPhot_Complete_CM4.elf
Finished building: default.size.stdout
 
23:15:10 **** Incremental Build of configuration Debug for project PhonPhot_Complete_CM4 ****
make -j8 all 
arm-none-eabi-size  PhonPhot_Complete_CM4.elf 
   text	   data	    bss	    dec	    hex	filename
 717820	   3392	 114400	 835612	  cc01c	PhonPhot_Complete_CM4.elf
Finished building: default.size.stdout
 
23:15:19 **** Incremental Build of configuration Debug for project PhonPhot_Complete_CM4 ****
make -j8 all 
arm-none-eabi-size  PhonPhot_Complete_CM4.elf 
   text	   data	    bss	    dec	    hex	filename
 717820	   3392	 114400	 835612	  cc01c	PhonPhot_Complete_CM4.elf
Finished building: default.size.stdout
 
23:15:21 **** Incremental Build of configuration Debug for project PhonPhot_Complete_CM7 ****
make -j8 all 
arm-none-eabi-size  PhonPhot_Complete_CM7.elf 
   text	   data	    bss	    dec	    hex	filename
 627856	    408	  56196	 684460	  a71ac	PhonPhot_Complete_CM7.elf
Finished building: default.size.stdout
 
23:15:22 **** Incremental Build of configuration Debug for project PhonPhot_Complete_CM4 ****
make -j8 all 
arm-none-eabi-size  PhonPhot_Complete_CM4.elf 
   text	   data	    bss	    dec	    hex	filename
 717820	   3392	 114400	 835612	  cc01c	PhonPhot_Complete_CM4.elf
Finished building: default.size.stdout
 
23:16:16 **** Incremental Build of configuration Debug for project PhonPhot_Complete_CM4 ****
make -j8 all 
arm-none-eabi-size  PhonPhot_Complete_CM4.elf 
   text	   data	    bss	    dec	    hex	filename
 717820	   3392	 114400	 835612	  cc01c	PhonPhot_Complete_CM4.elf
Finished building: default.size.stdout
 
23:16:17 **** Incremental Build of configuration Debug for project PhonPhot_Complete_CM7 ****
make -j8 all 
arm-none-eabi-size  PhonPhot_Complete_CM7.elf 
   text	   data	    bss	    dec	    hex	filename
 627856	    408	  56196	 684460	  a71ac	PhonPhot_Complete_CM7.elf
Finished building: default.size.stdout
 
23:16:18 **** Incremental Build of configuration Debug for project PhonPhot_Complete_CM4 ****
make -j8 all 
arm-none-eabi-size  PhonPhot_Complete_CM4.elf 
   text	   data	    bss	    dec	    hex	filename
 717820	   3392	 114400	 835612	  cc01c	PhonPhot_Complete_CM4.elf
Finished building: default.size.stdout
 
